INFO: [VRFC 10-2263] Analyzing Verilog file "C:/Vivado/CompArch/pipelined/pipelined.srcs/sources_1/new/adder.v" into library xil_defaultlib
INFO: [VRFC 10-311] analyzing module adder
INFO: [VRFC 10-2263] Analyzing Verilog file "C:/Vivado/CompArch/pipelined/pipelined.srcs/sources_1/imports/new/alu6.v" into library xil_defaultlib
INFO: [VRFC 10-311] analyzing module alu
INFO: [VRFC 10-2263] Analyzing Verilog file "C:/Vivado/CompArch/pipelined/pipelined.srcs/sources_1/imports/new/aluControl.v" into library xil_defaultlib
INFO: [VRFC 10-311] analyzing module aluControl
INFO: [VRFC 10-2263] Analyzing Verilog file "C:/Vivado/CompArch/pipelined/pipelined.srcs/sources_1/new/ex_mem.v" into library xil_defaultlib
INFO: [VRFC 10-311] analyzing module ex_mem
INFO: [VRFC 10-2263] Analyzing Verilog file "C:/Vivado/CompArch/pipelined/pipelined.srcs/sources_1/new/id_ex.v" into library xil_defaultlib
INFO: [VRFC 10-311] analyzing module id_ex
INFO: [VRFC 10-2263] Analyzing Verilog file "C:/Vivado/CompArch/pipelined/pipelined.srcs/sources_1/new/if_id.v" into library xil_defaultlib
INFO: [VRFC 10-311] analyzing module if_id
INFO: [VRFC 10-2263] Analyzing Verilog file "C:/Vivado/CompArch/pipelined/pipelined.srcs/sources_1/imports/new/instructionMem.v" into library xil_defaultlib
INFO: [VRFC 10-311] analyzing module instructionMem
INFO: [VRFC 10-2263] Analyzing Verilog file "C:/Vivado/CompArch/pipelined/pipelined.srcs/sources_1/imports/new/mainControl.v" into library xil_defaultlib
INFO: [VRFC 10-311] analyzing module mainControl
INFO: [VRFC 10-2263] Analyzing Verilog file "C:/Vivado/CompArch/pipelined/pipelined.srcs/sources_1/new/mem_wb.v" into library xil_defaultlib
INFO: [VRFC 10-311] analyzing module mem_wb
INFO: [VRFC 10-2263] Analyzing Verilog file "C:/Vivado/CompArch/pipelined/pipelined.srcs/sources_1/imports/new/memory.v" into library xil_defaultlib
INFO: [VRFC 10-311] analyzing module memory
INFO: [VRFC 10-2263] Analyzing Verilog file "C:/Vivado/CompArch/pipelined/pipelined.srcs/sources_1/new/mux2.v" into library xil_defaultlib
INFO: [VRFC 10-311] analyzing module mux2
INFO: [VRFC 10-2263] Analyzing Verilog file "C:/Vivado/CompArch/pipelined/pipelined.srcs/sources_1/imports/new/pc.v" into library xil_defaultlib
INFO: [VRFC 10-311] analyzing module pc
INFO: [VRFC 10-2263] Analyzing Verilog file "C:/Vivado/CompArch/pipelined/pipelined.srcs/sources_1/new/pipeline.v" into library xil_defaultlib
INFO: [VRFC 10-311] analyzing module pipeline
INFO: [VRFC 10-2263] Analyzing Verilog file "C:/Vivado/CompArch/pipelined/pipelined.srcs/sources_1/imports/new/regFile.v" into library xil_defaultlib
INFO: [VRFC 10-311] analyzing module regFile
INFO: [VRFC 10-2263] Analyzing Verilog file "C:/Vivado/CompArch/pipelined/pipelined.srcs/sources_1/imports/new/shiftLeft2.v" into library xil_defaultlib
INFO: [VRFC 10-311] analyzing module shiftLeft2
INFO: [VRFC 10-2263] Analyzing Verilog file "C:/Vivado/CompArch/pipelined/pipelined.srcs/sources_1/imports/new/signExtend.v" into library xil_defaultlib
INFO: [VRFC 10-311] analyzing module signExtend
INFO: [VRFC 10-2263] Analyzing Verilog file "C:/Vivado/CompArch/pipelined/pipelined.srcs/sim_1/new/pipelineTB_copyingArray.v" into library xil_defaultlib
INFO: [VRFC 10-311] analyzing module pipelineTB_copyingArray
